Running: /opt/Xilinx/14.7/ISE_DS/ISE/bin/lin64/unwrapped/fuse -intstyle ise -incremental -lib unisims_ver -lib unimacro_ver -lib xilinxcorelib_ver -lib secureip -o /home/c/projects/memory/memory_test_isim_beh.exe -prj /home/c/projects/memory/memory_test_beh.prj work.memory_test work.glbl 
ISim P.20131013 (signature 0xfbc00daa)
Number of CPUs detected in this system: 4
Turning on mult-threading, number of parallel sub-compilation jobs: 8 
Determining compilation order of HDL files
Analyzing Verilog file "/home/c/projects/memory/memory.v" into library work
Analyzing Verilog file "/home/c/projects/memory/memory_test.v" into library work
Analyzing Verilog file "/opt/Xilinx/14.7/ISE_DS/ISE//verilog/src/glbl.v" into library work
Starting static elaboration
Completed static elaboration
Fuse Memory Usage: 94504 KB
Fuse CPU Usage: 930 ms
Compiling module memory
Compiling module memory_test
Compiling module glbl
Time Resolution for simulation is 1ps.
Waiting for 1 sub-compilation(s) to finish...
Compiled 3 Verilog Units
Built simulation executable /home/c/projects/memory/memory_test_isim_beh.exe
Fuse Memory Usage: 654740 KB
Fuse CPU Usage: 950 ms
GCC CPU Usage: 220 ms
